app/build/intermediates/manifest_merge_blame_file/debug/manifest-merger-blame-debug-report.txt
1<?xml version="1.0" encoding="utf-8"?>
2<manifest xmlns:android="http://schemas.android.com/apk/res/android"
3    package="com.naji.funnyAnimals"
4    android:versionCode="1"
5    android:versionName="1.0" >
6
7    <uses-sdk
8        android:minSdkVersion="21"
8-->src\main\AndroidManifest.xml
9        android:targetSdkVersion="30" />
9-->src\main\AndroidManifest.xml
10
11    <!-- Permission will be merged into the manifest of the hosting app. -->
12    <!-- Is required to launch foreground extraction service for targetSdkVersion 28+. -->
13    <uses-permission android:name="android.permission.FOREGROUND_SERVICE" />
13-->[com.google.android.play:core:1.9.1] AndroidManifest.xml:8:3-74
13-->[com.google.android.play:core:1.9.1] AndroidManifest.xml:8:20-72
14
15    <application
15-->src\main\AndroidManifest.xml:5:5-21:19
16        android:allowBackup="true"
16-->src\main\AndroidManifest.xml:6:9-35
17        android:appComponentFactory="androidx.core.app.CoreComponentFactory"
17-->[androidx.core:core:1.7.0] AndroidManifest.xml:24:18-86
18        android:debuggable="true"
19        android:icon="@mipmap/ic_launcher"
19-->src\main\AndroidManifest.xml:7:9-43
20        android:label="@string/app_name"
20-->src\main\AndroidManifest.xml:8:9-41
21        android:roundIcon="@mipmap/ic_launcher_round"
21-->src\main\AndroidManifest.xml:9:9-54
22        android:supportsRtl="true"
22-->src\main\AndroidManifest.xml:10:9-35
23        android:theme="@style/Theme.FunnyAnimals" >
23-->src\main\AndroidManifest.xml:11:9-50
24        <activity
24-->src\main\AndroidManifest.xml:12:9-20:20
25            android:name="com.naji.funnyAnimals.ui.MainActivity"
25-->src\main\AndroidManifest.xml:13:13-65
26            android:exported="true" >
26-->src\main\AndroidManifest.xml:14:13-36
27            <intent-filter>
27-->src\main\AndroidManifest.xml:15:13-19:29
28                <action android:name="android.intent.action.MAIN" />
28-->src\main\AndroidManifest.xml:16:17-69
28-->src\main\AndroidManifest.xml:16:25-66
29
30                <category android:name="android.intent.category.LAUNCHER" />
30-->src\main\AndroidManifest.xml:18:17-77
30-->src\main\AndroidManifest.xml:18:27-74
31            </intent-filter>
32        </activity>
33        <activity
33-->[androidx.compose.ui:ui-tooling:1.0.5] AndroidManifest.xml:25:9-27:39
34            android:name="androidx.compose.ui.tooling.PreviewActivity"
34-->[androidx.compose.ui:ui-tooling:1.0.5] AndroidManifest.xml:26:13-71
35            android:exported="true" />
35-->[androidx.compose.ui:ui-tooling:1.0.5] AndroidManifest.xml:27:13-36
36
37        <provider
37-->[androidx.emoji2:emoji2:1.0.0] AndroidManifest.xml:26:9-34:20
38            android:name="androidx.startup.InitializationProvider"
38-->[androidx.emoji2:emoji2:1.0.0] AndroidManifest.xml:27:13-67
39            android:authorities="com.naji.funnyAnimals.androidx-startup"
39-->[androidx.emoji2:emoji2:1.0.0] AndroidManifest.xml:28:13-68
40            android:exported="false" >
40-->[androidx.emoji2:emoji2:1.0.0] AndroidManifest.xml:29:13-37
41            <meta-data
41-->[androidx.emoji2:emoji2:1.0.0] AndroidManifest.xml:31:13-33:52
42                android:name="androidx.emoji2.text.EmojiCompatInitializer"
42-->[androidx.emoji2:emoji2:1.0.0] AndroidManifest.xml:32:17-75
43                android:value="androidx.startup" />
43-->[androidx.emoji2:emoji2:1.0.0] AndroidManifest.xml:33:17-49
44            <meta-data
44-->[androidx.profileinstaller:profileinstaller:1.0.4] AndroidManifest.xml:31:13-33:52
45                android:name="androidx.profileinstaller.ProfileInstallerInitializer"
45-->[androidx.profileinstaller:profileinstaller:1.0.4] AndroidManifest.xml:32:17-85
46                android:value="androidx.startup" />
46-->[androidx.profileinstaller:profileinstaller:1.0.4] AndroidManifest.xml:33:17-49
47            <meta-data
47-->[androidx.lifecycle:lifecycle-process:2.4.0] AndroidManifest.xml:31:13-33:52
48                android:name="androidx.lifecycle.ProcessLifecycleInitializer"
48-->[androidx.lifecycle:lifecycle-process:2.4.0] AndroidManifest.xml:32:17-78
49                android:value="androidx.startup" />
49-->[androidx.lifecycle:lifecycle-process:2.4.0] AndroidManifest.xml:33:17-49
50        </provider>
51
52        <receiver
52-->[androidx.profileinstaller:profileinstaller:1.0.4] AndroidManifest.xml:36:9-45:20
53            android:name="androidx.profileinstaller.ProfileInstallReceiver"
53-->[androidx.profileinstaller:profileinstaller:1.0.4] AndroidManifest.xml:37:13-76
54            android:directBootAware="false"
54-->[androidx.profileinstaller:profileinstaller:1.0.4] AndroidManifest.xml:38:13-44
55            android:enabled="true"
55-->[androidx.profileinstaller:profileinstaller:1.0.4] AndroidManifest.xml:39:13-35
56            android:exported="true"
56-->[androidx.profileinstaller:profileinstaller:1.0.4] AndroidManifest.xml:40:13-36
57            android:permission="android.permission.DUMP" >
57-->[androidx.profileinstaller:profileinstaller:1.0.4] AndroidManifest.xml:41:13-57
58            <intent-filter>
58-->[androidx.profileinstaller:profileinstaller:1.0.4] AndroidManifest.xml:42:13-44:29
59                <action android:name="androidx.profileinstaller.action.INSTALL_PROFILE" />
59-->[androidx.profileinstaller:profileinstaller:1.0.4] AndroidManifest.xml:43:17-91
59-->[androidx.profileinstaller:profileinstaller:1.0.4] AndroidManifest.xml:43:25-88
60            </intent-filter>
61        </receiver> <!-- The activities will be merged into the manifest of the hosting app. -->
62        <activity
62-->[com.google.android.play:core:1.9.1] AndroidManifest.xml:12:5-271
63            android:name="com.google.android.play.core.missingsplits.PlayCoreMissingSplitsActivity"
63-->[com.google.android.play:core:1.9.1] AndroidManifest.xml:12:15-102
64            android:enabled="false"
64-->[com.google.android.play:core:1.9.1] AndroidManifest.xml:12:103-126
65            android:exported="false"
65-->[com.google.android.play:core:1.9.1] AndroidManifest.xml:12:127-151
66            android:launchMode="singleInstance"
66-->[com.google.android.play:core:1.9.1] AndroidManifest.xml:12:204-239
67            android:process=":playcore_missing_splits_activity"
67-->[com.google.android.play:core:1.9.1] AndroidManifest.xml:12:152-203
68            android:stateNotNeeded="true" />
68-->[com.google.android.play:core:1.9.1] AndroidManifest.xml:12:240-269
69        <activity
69-->[com.google.android.play:core:1.9.1] AndroidManifest.xml:13:5-226
70            android:name="com.google.android.play.core.common.PlayCoreDialogWrapperActivity"
70-->[com.google.android.play:core:1.9.1] AndroidManifest.xml:13:15-95
71            android:enabled="false"
71-->[com.google.android.play:core:1.9.1] AndroidManifest.xml:13:96-119
72            android:exported="false"
72-->[com.google.android.play:core:1.9.1] AndroidManifest.xml:13:120-144
73            android:stateNotNeeded="true"
73-->[com.google.android.play:core:1.9.1] AndroidManifest.xml:13:145-174
74            android:theme="@style/Theme.PlayCore.Transparent" /> <!-- The services will be merged into the manifest of the hosting app. -->
74-->[com.google.android.play:core:1.9.1] AndroidManifest.xml:13:175-224
75        <service
75-->[com.google.android.play:core:1.9.1] AndroidManifest.xml:16:5-18:15
76            android:name="com.google.android.play.core.assetpacks.AssetPackExtractionService"
76-->[com.google.android.play:core:1.9.1] AndroidManifest.xml:16:14-95
77            android:enabled="false"
77-->[com.google.android.play:core:1.9.1] AndroidManifest.xml:16:96-119
78            android:exported="true" >
78-->[com.google.android.play:core:1.9.1] AndroidManifest.xml:16:120-143
79            <meta-data
79-->[com.google.android.play:core:1.9.1] AndroidManifest.xml:17:7-108
80                android:name="com.google.android.play.core.assetpacks.versionCode"
80-->[com.google.android.play:core:1.9.1] AndroidManifest.xml:17:18-84
81                android:value="10901" />
81-->[com.google.android.play:core:1.9.1] AndroidManifest.xml:17:85-106
82        </service>
83        <service
83-->[com.google.android.play:core:1.9.1] AndroidManifest.xml:19:5-147
84            android:name="com.google.android.play.core.assetpacks.ExtractionForegroundService"
84-->[com.google.android.play:core:1.9.1] AndroidManifest.xml:19:14-96
85            android:enabled="false"
85-->[com.google.android.play:core:1.9.1] AndroidManifest.xml:19:97-120
86            android:exported="false" />
86-->[com.google.android.play:core:1.9.1] AndroidManifest.xml:19:121-145
87    </application>
88
89</manifest>